000 (9677851.000.000) 06/03 00:46:45 Job submitted from host: <188.184.90.62:9618?addrs=188.184.90.62-9618+[2001-1458-201-e4--100-238]-9618&alias=bigbird16.cern.ch&noUDP&sock=schedd_24274_8600>
...
000 (9677851.001.000) 06/03 00:46:45 Job submitted from host: <188.184.90.62:9618?addrs=188.184.90.62-9618+[2001-1458-201-e4--100-238]-9618&alias=bigbird16.cern.ch&noUDP&sock=schedd_24274_8600>
...
000 (9677851.002.000) 06/03 00:46:45 Job submitted from host: <188.184.90.62:9618?addrs=188.184.90.62-9618+[2001-1458-201-e4--100-238]-9618&alias=bigbird16.cern.ch&noUDP&sock=schedd_24274_8600>
...
000 (9677851.003.000) 06/03 00:46:45 Job submitted from host: <188.184.90.62:9618?addrs=188.184.90.62-9618+[2001-1458-201-e4--100-238]-9618&alias=bigbird16.cern.ch&noUDP&sock=schedd_24274_8600>
...
000 (9677851.004.000) 06/03 00:46:45 Job submitted from host: <188.184.90.62:9618?addrs=188.184.90.62-9618+[2001-1458-201-e4--100-238]-9618&alias=bigbird16.cern.ch&noUDP&sock=schedd_24274_8600>
...
000 (9677851.005.000) 06/03 00:46:45 Job submitted from host: <188.184.90.62:9618?addrs=188.184.90.62-9618+[2001-1458-201-e4--100-238]-9618&alias=bigbird16.cern.ch&noUDP&sock=schedd_24274_8600>
...
000 (9677851.006.000) 06/03 00:46:45 Job submitted from host: <188.184.90.62:9618?addrs=188.184.90.62-9618+[2001-1458-201-e4--100-238]-9618&alias=bigbird16.cern.ch&noUDP&sock=schedd_24274_8600>
...
000 (9677851.007.000) 06/03 00:46:45 Job submitted from host: <188.184.90.62:9618?addrs=188.184.90.62-9618+[2001-1458-201-e4--100-238]-9618&alias=bigbird16.cern.ch&noUDP&sock=schedd_24274_8600>
...
000 (9677851.008.000) 06/03 00:46:45 Job submitted from host: <188.184.90.62:9618?addrs=188.184.90.62-9618+[2001-1458-201-e4--100-238]-9618&alias=bigbird16.cern.ch&noUDP&sock=schedd_24274_8600>
...
000 (9677851.009.000) 06/03 00:46:45 Job submitted from host: <188.184.90.62:9618?addrs=188.184.90.62-9618+[2001-1458-201-e4--100-238]-9618&alias=bigbird16.cern.ch&noUDP&sock=schedd_24274_8600>
...
000 (9677851.010.000) 06/03 00:46:45 Job submitted from host: <188.184.90.62:9618?addrs=188.184.90.62-9618+[2001-1458-201-e4--100-238]-9618&alias=bigbird16.cern.ch&noUDP&sock=schedd_24274_8600>
...
000 (9677851.011.000) 06/03 00:46:45 Job submitted from host: <188.184.90.62:9618?addrs=188.184.90.62-9618+[2001-1458-201-e4--100-238]-9618&alias=bigbird16.cern.ch&noUDP&sock=schedd_24274_8600>
...
000 (9677851.012.000) 06/03 00:46:45 Job submitted from host: <188.184.90.62:9618?addrs=188.184.90.62-9618+[2001-1458-201-e4--100-238]-9618&alias=bigbird16.cern.ch&noUDP&sock=schedd_24274_8600>
...
000 (9677851.013.000) 06/03 00:46:45 Job submitted from host: <188.184.90.62:9618?addrs=188.184.90.62-9618+[2001-1458-201-e4--100-238]-9618&alias=bigbird16.cern.ch&noUDP&sock=schedd_24274_8600>
...
000 (9677851.014.000) 06/03 00:46:45 Job submitted from host: <188.184.90.62:9618?addrs=188.184.90.62-9618+[2001-1458-201-e4--100-238]-9618&alias=bigbird16.cern.ch&noUDP&sock=schedd_24274_8600>
...
000 (9677851.015.000) 06/03 00:46:45 Job submitted from host: <188.184.90.62:9618?addrs=188.184.90.62-9618+[2001-1458-201-e4--100-238]-9618&alias=bigbird16.cern.ch&noUDP&sock=schedd_24274_8600>
...
000 (9677851.016.000) 06/03 00:46:45 Job submitted from host: <188.184.90.62:9618?addrs=188.184.90.62-9618+[2001-1458-201-e4--100-238]-9618&alias=bigbird16.cern.ch&noUDP&sock=schedd_24274_8600>
...
000 (9677851.017.000) 06/03 00:46:45 Job submitted from host: <188.184.90.62:9618?addrs=188.184.90.62-9618+[2001-1458-201-e4--100-238]-9618&alias=bigbird16.cern.ch&noUDP&sock=schedd_24274_8600>
...
040 (9677851.000.000) 06/03 00:48:32 Started transferring input files
	Transferring to host: <128.142.60.16:9618?addrs=128.142.60.16-9618+[2001-1458-301-22--100-f]-9618&alias=b9s05p1098.cern.ch&noUDP&sock=slot1_17_3088692_ae1a_28340>
...
040 (9677851.000.000) 06/03 00:48:32 Finished transferring input files
...
040 (9677851.001.000) 06/03 00:48:32 Started transferring input files
	Transferring to host: <128.142.248.65:9618?addrs=128.142.248.65-9618+[2001-1458-301-73--100-131]-9618&alias=b9g23p4661.cern.ch&noUDP&sock=slot1_31_2627599_f2fc_27940>
...
040 (9677851.001.000) 06/03 00:48:32 Finished transferring input files
...
040 (9677851.002.000) 06/03 00:48:32 Started transferring input files
	Transferring to host: <128.142.60.135:9618?addrs=128.142.60.135-9618+[2001-1458-301-22--100-86]-9618&alias=b9s05p2697.cern.ch&noUDP&sock=slot1_10_8703_ccfb_67184>
...
040 (9677851.002.000) 06/03 00:48:32 Finished transferring input files
...
040 (9677851.003.000) 06/03 00:48:33 Started transferring input files
	Transferring to host: <128.142.60.83:9618?addrs=128.142.60.83-9618+[2001-1458-301-22--100-52]-9618&alias=b9s05p1025.cern.ch&noUDP&sock=slot1_9_776406_038d_55378>
...
040 (9677851.003.000) 06/03 00:48:33 Finished transferring input files
...
040 (9677851.005.000) 06/03 00:48:33 Started transferring input files
	Transferring to host: <128.142.60.96:9618?addrs=128.142.60.96-9618+[2001-1458-301-22--100-5f]-9618&alias=b9s05p2762.cern.ch&noUDP&sock=slot1_15_1654934_771a_28936>
...
040 (9677851.005.000) 06/03 00:48:33 Finished transferring input files
...
001 (9677851.000.000) 06/03 00:48:33 Job executing on host: <128.142.60.16:9618?addrs=128.142.60.16-9618+[2001-1458-301-22--100-f]-9618&alias=b9s05p1098.cern.ch&noUDP&sock=startd_4319_0da0>
	SlotName: slot1_17@b9s05p1098.cern.ch
	CondorScratchDir = "/pool/condor/dir_722419"
	Cpus = 1
	Disk = 11495079
	Memory = 2000
...
001 (9677851.001.000) 06/03 00:48:33 Job executing on host: <128.142.248.65:9618?addrs=128.142.248.65-9618+[2001-1458-301-73--100-131]-9618&alias=b9g23p4661.cern.ch&noUDP&sock=startd_5928_b183>
	SlotName: slot1_31@b9g23p4661.cern.ch
	CondorScratchDir = "/pool/condor/dir_3787366"
	Cpus = 1
	Disk = 11873009
	Memory = 2000
...
040 (9677851.004.000) 06/03 00:48:33 Started transferring input files
	Transferring to host: <128.142.60.149:9618?addrs=128.142.60.149-9618+[2001-1458-301-22--100-94]-9618&alias=b9s05p3079.cern.ch&noUDP&sock=slot1_18_1138701_9dba_22694>
...
040 (9677851.004.000) 06/03 00:48:33 Finished transferring input files
...
001 (9677851.002.000) 06/03 00:48:33 Job executing on host: <128.142.60.135:9618?addrs=128.142.60.135-9618+[2001-1458-301-22--100-86]-9618&alias=b9s05p2697.cern.ch&noUDP&sock=startd_7445_3aae>
	SlotName: slot1_10@b9s05p2697.cern.ch
	CondorScratchDir = "/pool/condor/dir_1988695"
	Cpus = 1
	Disk = 11998810
	Memory = 2000
...
040 (9677851.007.000) 06/03 00:48:34 Started transferring input files
	Transferring to host: <128.142.60.117:9618?addrs=128.142.60.117-9618+[2001-1458-301-22--100-74]-9618&alias=b9s05p1730.cern.ch&noUDP&sock=slot1_6_1347274_29bc_143465>
...
040 (9677851.007.000) 06/03 00:48:34 Finished transferring input files
...
001 (9677851.003.000) 06/03 00:48:34 Job executing on host: <128.142.60.83:9618?addrs=128.142.60.83-9618+[2001-1458-301-22--100-52]-9618&alias=b9s05p1025.cern.ch&noUDP&sock=startd_7093_c958>
	SlotName: slot1_9@b9s05p1025.cern.ch
	CondorScratchDir = "/pool/condor/dir_128200"
	Cpus = 1
	Disk = 11694716
	Memory = 2000
...
040 (9677851.008.000) 06/03 00:48:34 Started transferring input files
	Transferring to host: <128.142.60.120:9618?addrs=128.142.60.120-9618+[2001-1458-301-22--100-77]-9618&alias=b9s05p4936.cern.ch&noUDP&sock=slot1_14_3211_309c_11197>
...
040 (9677851.008.000) 06/03 00:48:34 Finished transferring input files
...
040 (9677851.011.000) 06/03 00:48:34 Started transferring input files
	Transferring to host: <128.142.60.100:9618?addrs=128.142.60.100-9618+[2001-1458-301-22--100-63]-9618&alias=b9s05p3276.cern.ch&noUDP&sock=slot1_11_290820_bfab_29674>
...
040 (9677851.011.000) 06/03 00:48:34 Finished transferring input files
...
001 (9677851.005.000) 06/03 00:48:34 Job executing on host: <128.142.60.96:9618?addrs=128.142.60.96-9618+[2001-1458-301-22--100-5f]-9618&alias=b9s05p2762.cern.ch&noUDP&sock=startd_4280_4d6f>
	SlotName: slot1_15@b9s05p2762.cern.ch
	CondorScratchDir = "/pool/condor/dir_17091"
	Cpus = 1
	Disk = 11848435
	Memory = 2000
...
001 (9677851.004.000) 06/03 00:48:34 Job executing on host: <128.142.60.149:9618?addrs=128.142.60.149-9618+[2001-1458-301-22--100-94]-9618&alias=b9s05p3079.cern.ch&noUDP&sock=startd_3000_5435>
	SlotName: slot1_18@b9s05p3079.cern.ch
	CondorScratchDir = "/pool/condor/dir_3367482"
	Cpus = 1
	Disk = 11941142
	Memory = 2000
...
001 (9677851.007.000) 06/03 00:48:35 Job executing on host: <128.142.60.117:9618?addrs=128.142.60.117-9618+[2001-1458-301-22--100-74]-9618&alias=b9s05p1730.cern.ch&noUDP&sock=startd_114472_d95e>
	SlotName: slot1_6@b9s05p1730.cern.ch
	CondorScratchDir = "/pool/condor/dir_189944"
	Cpus = 1
	Disk = 11892758
	Memory = 2000
...
001 (9677851.008.000) 06/03 00:48:35 Job executing on host: <128.142.60.120:9618?addrs=128.142.60.120-9618+[2001-1458-301-22--100-77]-9618&alias=b9s05p4936.cern.ch&noUDP&sock=startd_3160_135d>
	SlotName: slot1_14@b9s05p4936.cern.ch
	CondorScratchDir = "/pool/condor/dir_2178514"
	Cpus = 1
	Disk = 12052007
	Memory = 2000
...
040 (9677851.014.000) 06/03 00:48:35 Started transferring input files
	Transferring to host: <128.142.60.22:9618?addrs=128.142.60.22-9618+[2001-1458-301-22--100-15]-9618&alias=b9s05p2108.cern.ch&noUDP&sock=slot1_4_3712931_86e2_29709>
...
040 (9677851.012.000) 06/03 00:48:35 Started transferring input files
	Transferring to host: <128.142.60.27:9618?addrs=128.142.60.27-9618+[2001-1458-301-22--100-1a]-9618&alias=b9s05p4636.cern.ch&noUDP&sock=slot1_18_6588_9785_73892>
...
001 (9677851.011.000) 06/03 00:48:35 Job executing on host: <128.142.60.100:9618?addrs=128.142.60.100-9618+[2001-1458-301-22--100-63]-9618&alias=b9s05p3276.cern.ch&noUDP&sock=startd_3293_4d75>
	SlotName: slot1_11@b9s05p3276.cern.ch
	CondorScratchDir = "/pool/condor/dir_483370"
	Cpus = 1
	Disk = 11536124
	Memory = 2000
...
040 (9677851.014.000) 06/03 00:48:35 Finished transferring input files
...
040 (9677851.012.000) 06/03 00:48:35 Finished transferring input files
...
040 (9677851.013.000) 06/03 00:48:35 Started transferring input files
	Transferring to host: <128.142.60.86:9618?addrs=128.142.60.86-9618+[2001-1458-301-22--100-55]-9618&alias=b9s05p3487.cern.ch&noUDP&sock=slot1_12_32961_c195_112244>
...
040 (9677851.013.000) 06/03 00:48:35 Finished transferring input files
...
040 (9677851.006.000) 06/03 00:48:36 Started transferring input files
	Transferring to host: <128.142.60.85:9618?addrs=128.142.60.85-9618+[2001-1458-301-22--100-54]-9618&alias=b9s05p3355.cern.ch&noUDP&sock=slot1_12_1855338_3670_27885>
...
040 (9677851.016.000) 06/03 00:48:36 Started transferring input files
	Transferring to host: <128.142.60.37:9618?addrs=128.142.60.37-9618+[2001-1458-301-22--100-24]-9618&alias=b9s05p1781.cern.ch&noUDP&sock=slot1_11_2483058_bd26_29230>
...
040 (9677851.015.000) 06/03 00:48:36 Started transferring input files
	Transferring to host: <128.142.60.11:9618?addrs=128.142.60.11-9618+[2001-1458-301-22--100-a]-9618&alias=b9s05p4278.cern.ch&noUDP&sock=slot1_25_4433_330d_138550>
...
001 (9677851.012.000) 06/03 00:48:36 Job executing on host: <128.142.60.27:9618?addrs=128.142.60.27-9618+[2001-1458-301-22--100-1a]-9618&alias=b9s05p4636.cern.ch&noUDP&sock=startd_5631_f9e2>
	SlotName: slot1_18@b9s05p4636.cern.ch
	CondorScratchDir = "/pool/condor/dir_3652864"
	Cpus = 1
	Disk = 11683416
	Memory = 2000
...
001 (9677851.014.000) 06/03 00:48:36 Job executing on host: <128.142.60.22:9618?addrs=128.142.60.22-9618+[2001-1458-301-22--100-15]-9618&alias=b9s05p2108.cern.ch&noUDP&sock=startd_5668_5ae3>
	SlotName: slot1_4@b9s05p2108.cern.ch
	CondorScratchDir = "/pool/condor/dir_1368155"
	Cpus = 1
	Disk = 11760839
	Memory = 2000
...
001 (9677851.013.000) 06/03 00:48:36 Job executing on host: <128.142.60.86:9618?addrs=128.142.60.86-9618+[2001-1458-301-22--100-55]-9618&alias=b9s05p3487.cern.ch&noUDP&sock=startd_32611_0313>
	SlotName: slot1_12@b9s05p3487.cern.ch
	CondorScratchDir = "/pool/condor/dir_326049"
	Cpus = 1
	Disk = 11459485
	Memory = 2000
...
040 (9677851.006.000) 06/03 00:48:36 Finished transferring input files
...
040 (9677851.016.000) 06/03 00:48:36 Finished transferring input files
...
040 (9677851.015.000) 06/03 00:48:36 Finished transferring input files
...
001 (9677851.006.000) 06/03 00:48:37 Job executing on host: <128.142.60.85:9618?addrs=128.142.60.85-9618+[2001-1458-301-22--100-54]-9618&alias=b9s05p3355.cern.ch&noUDP&sock=startd_2954_c6da>
	SlotName: slot1_12@b9s05p3355.cern.ch
	CondorScratchDir = "/pool/condor/dir_2031058"
	Cpus = 1
	Disk = 11778144
	Memory = 2000
...
001 (9677851.015.000) 06/03 00:48:37 Job executing on host: <128.142.60.11:9618?addrs=128.142.60.11-9618+[2001-1458-301-22--100-a]-9618&alias=b9s05p4278.cern.ch&noUDP&sock=startd_3656_4a56>
	SlotName: slot1_25@b9s05p4278.cern.ch
	CondorScratchDir = "/pool/condor/dir_273507"
	Cpus = 1
	Disk = 11969496
	Memory = 2000
...
001 (9677851.016.000) 06/03 00:48:37 Job executing on host: <128.142.60.37:9618?addrs=128.142.60.37-9618+[2001-1458-301-22--100-24]-9618&alias=b9s05p1781.cern.ch&noUDP&sock=startd_2517_07f7>
	SlotName: slot1_11@b9s05p1781.cern.ch
	CondorScratchDir = "/pool/condor/dir_4192067"
	Cpus = 1
	Disk = 11564742
	Memory = 2000
...
040 (9677851.010.000) 06/03 00:48:37 Started transferring input files
	Transferring to host: <128.142.60.68:9618?addrs=128.142.60.68-9618+[2001-1458-301-22--100-43]-9618&alias=b9s05p3989.cern.ch&noUDP&sock=slot1_25_3030_a8b4_30403>
...
040 (9677851.010.000) 06/03 00:48:37 Finished transferring input files
...
040 (9677851.009.000) 06/03 00:48:37 Started transferring input files
	Transferring to host: <128.142.60.78:9618?addrs=128.142.60.78-9618+[2001-1458-301-22--100-4d]-9618&alias=b9s05p1540.cern.ch&noUDP&sock=slot1_2_2893_214f_137412>
...
040 (9677851.009.000) 06/03 00:48:37 Finished transferring input files
...
040 (9677851.017.000) 06/03 00:48:37 Started transferring input files
	Transferring to host: <128.142.62.56:9618?addrs=128.142.62.56-9618+[2001-1458-301-37--100-37]-9618&alias=b9s07p4431.cern.ch&noUDP&sock=slot1_29_3966_27da_120630>
...
040 (9677851.017.000) 06/03 00:48:37 Finished transferring input files
...
001 (9677851.010.000) 06/03 00:48:38 Job executing on host: <128.142.60.68:9618?addrs=128.142.60.68-9618+[2001-1458-301-22--100-43]-9618&alias=b9s05p3989.cern.ch&noUDP&sock=startd_2945_9a80>
	SlotName: slot1_25@b9s05p3989.cern.ch
	CondorScratchDir = "/pool/condor/dir_367489"
	Cpus = 1
	Disk = 11681903
	Memory = 2000
...
001 (9677851.009.000) 06/03 00:48:38 Job executing on host: <128.142.60.78:9618?addrs=128.142.60.78-9618+[2001-1458-301-22--100-4d]-9618&alias=b9s05p1540.cern.ch&noUDP&sock=startd_2528_9382>
	SlotName: slot1_2@b9s05p1540.cern.ch
	CondorScratchDir = "/pool/condor/dir_3665210"
	Cpus = 1
	Disk = 11811499
	Memory = 2000
...
001 (9677851.017.000) 06/03 00:48:38 Job executing on host: <128.142.62.56:9618?addrs=128.142.62.56-9618+[2001-1458-301-37--100-37]-9618&alias=b9s07p4431.cern.ch&noUDP&sock=startd_3272_e5f8>
	SlotName: slot1_29@b9s07p4431.cern.ch
	CondorScratchDir = "/pool/condor/dir_1099217"
	Cpus = 1
	Disk = 13930670
	Memory = 2000
...
006 (9677851.000.000) 06/03 00:48:41 Image size of job updated: 505424
	494  -  MemoryUsage of job (MB)
	505424  -  ResidentSetSize of job (KB)
...
006 (9677851.001.000) 06/03 00:48:41 Image size of job updated: 505216
	494  -  MemoryUsage of job (MB)
	504964  -  ResidentSetSize of job (KB)
...
006 (9677851.002.000) 06/03 00:48:41 Image size of job updated: 77400
	76  -  MemoryUsage of job (MB)
	77400  -  ResidentSetSize of job (KB)
...
006 (9677851.003.000) 06/03 00:48:42 Image size of job updated: 520000
	508  -  MemoryUsage of job (MB)
	519736  -  ResidentSetSize of job (KB)
...
006 (9677851.005.000) 06/03 00:48:42 Image size of job updated: 523468
	511  -  MemoryUsage of job (MB)
	523220  -  ResidentSetSize of job (KB)
...
006 (9677851.004.000) 06/03 00:48:42 Image size of job updated: 505380
	494  -  MemoryUsage of job (MB)
	505372  -  ResidentSetSize of job (KB)
...
006 (9677851.007.000) 06/03 00:48:43 Image size of job updated: 523408
	512  -  MemoryUsage of job (MB)
	523296  -  ResidentSetSize of job (KB)
...
006 (9677851.008.000) 06/03 00:48:43 Image size of job updated: 523452
	511  -  MemoryUsage of job (MB)
	523204  -  ResidentSetSize of job (KB)
...
006 (9677851.011.000) 06/03 00:48:43 Image size of job updated: 505104
	494  -  MemoryUsage of job (MB)
	505104  -  ResidentSetSize of job (KB)
...
006 (9677851.012.000) 06/03 00:48:44 Image size of job updated: 522904
	510  -  MemoryUsage of job (MB)
	521532  -  ResidentSetSize of job (KB)
...
006 (9677851.014.000) 06/03 00:48:44 Image size of job updated: 521400
	509  -  MemoryUsage of job (MB)
	521144  -  ResidentSetSize of job (KB)
...
006 (9677851.013.000) 06/03 00:48:44 Image size of job updated: 517504
	506  -  MemoryUsage of job (MB)
	517296  -  ResidentSetSize of job (KB)
...
006 (9677851.015.000) 06/03 00:48:46 Image size of job updated: 542616
	530  -  MemoryUsage of job (MB)
	542616  -  ResidentSetSize of job (KB)
...
006 (9677851.006.000) 06/03 00:48:46 Image size of job updated: 63608
	63  -  MemoryUsage of job (MB)
	63608  -  ResidentSetSize of job (KB)
...
006 (9677851.016.000) 06/03 00:48:46 Image size of job updated: 521960
	510  -  MemoryUsage of job (MB)
	521520  -  ResidentSetSize of job (KB)
...
006 (9677851.010.000) 06/03 00:48:47 Image size of job updated: 523756
	512  -  MemoryUsage of job (MB)
	523364  -  ResidentSetSize of job (KB)
...
006 (9677851.009.000) 06/03 00:48:47 Image size of job updated: 86676
	85  -  MemoryUsage of job (MB)
	86676  -  ResidentSetSize of job (KB)
...
006 (9677851.017.000) 06/03 00:48:47 Image size of job updated: 80876
	78  -  MemoryUsage of job (MB)
	79616  -  ResidentSetSize of job (KB)
...
006 (9677851.002.000) 06/03 00:49:36 Image size of job updated: 760672
	382  -  MemoryUsage of job (MB)
	390548  -  ResidentSetSize of job (KB)
...
040 (9677851.002.000) 06/03 00:49:36 Started transferring output files
...
040 (9677851.002.000) 06/03 00:49:36 Finished transferring output files
...
005 (9677851.002.000) 06/03 00:49:36 Job terminated.
	(1) Normal termination (return value 0)
		Usr 0 00:00:08, Sys 0 00:00:03  -  Run Remote Usage
		Usr 0 00:00:00, Sys 0 00:00:00  -  Run Local Usage
		Usr 0 00:00:08, Sys 0 00:00:03  -  Total Remote Usage
		Usr 0 00:00:00, Sys 0 00:00:00  -  Total Local Usage
	8234  -  Run Bytes Sent By Job
	403  -  Run Bytes Received By Job
	8234  -  Total Bytes Sent By Job
	403  -  Total Bytes Received By Job
	Partitionable Resources :    Usage  Request Allocated 
	   Cpus                 :        0        1         1 
	   Disk (KB)            :       29 10000000  11998810 
	   Memory (MB)          :      382     2000      2000 

	Job terminated of its own accord at 2024-06-02T22:49:36Z with exit-code 0.
...
006 (9677851.000.000) 06/03 00:49:45 Image size of job updated: 803000
	494  -  MemoryUsage of job (MB)
	505424  -  ResidentSetSize of job (KB)
...
040 (9677851.000.000) 06/03 00:49:45 Started transferring output files
...
040 (9677851.000.000) 06/03 00:49:45 Finished transferring output files
...
005 (9677851.000.000) 06/03 00:49:45 Job terminated.
	(1) Normal termination (return value 0)
		Usr 0 00:00:11, Sys 0 00:00:04  -  Run Remote Usage
		Usr 0 00:00:00, Sys 0 00:00:00  -  Run Local Usage
		Usr 0 00:00:11, Sys 0 00:00:04  -  Total Remote Usage
		Usr 0 00:00:00, Sys 0 00:00:00  -  Total Local Usage
	10610  -  Run Bytes Sent By Job
	403  -  Run Bytes Received By Job
	10610  -  Total Bytes Sent By Job
	403  -  Total Bytes Received By Job
	Partitionable Resources :    Usage  Request Allocated 
	   Cpus                 :        0        1         1 
	   Disk (KB)            :       32 10000000  11495079 
	   Memory (MB)          :      494     2000      2000 

	Job terminated of its own accord at 2024-06-02T22:49:45Z with exit-code 0.
...
006 (9677851.001.000) 06/03 00:50:01 Image size of job updated: 799220
	494  -  MemoryUsage of job (MB)
	504964  -  ResidentSetSize of job (KB)
...
040 (9677851.001.000) 06/03 00:50:01 Started transferring output files
...
040 (9677851.001.000) 06/03 00:50:01 Finished transferring output files
...
005 (9677851.001.000) 06/03 00:50:01 Job terminated.
	(1) Normal termination (return value 0)
		Usr 0 00:00:16, Sys 0 00:00:03  -  Run Remote Usage
		Usr 0 00:00:00, Sys 0 00:00:00  -  Run Local Usage
		Usr 0 00:00:16, Sys 0 00:00:03  -  Total Remote Usage
		Usr 0 00:00:00, Sys 0 00:00:00  -  Total Local Usage
	10609  -  Run Bytes Sent By Job
	403  -  Run Bytes Received By Job
	10609  -  Total Bytes Sent By Job
	403  -  Total Bytes Received By Job
	Partitionable Resources :    Usage  Request Allocated 
	   Cpus                 :        0        1         1 
	   Disk (KB)            :       32 10000000  11873009 
	   Memory (MB)          :      494     2000      2000 

	Job terminated of its own accord at 2024-06-02T22:50:01Z with exit-code 0.
...
006 (9677851.017.000) 06/03 00:50:47 Image size of job updated: 803636
	373  -  MemoryUsage of job (MB)
	381584  -  ResidentSetSize of job (KB)
...
040 (9677851.017.000) 06/03 00:50:47 Started transferring output files
...
040 (9677851.017.000) 06/03 00:50:47 Finished transferring output files
...
005 (9677851.017.000) 06/03 00:50:47 Job terminated.
	(1) Normal termination (return value 0)
		Usr 0 00:00:10, Sys 0 00:00:03  -  Run Remote Usage
		Usr 0 00:00:00, Sys 0 00:00:00  -  Run Local Usage
		Usr 0 00:00:10, Sys 0 00:00:03  -  Total Remote Usage
		Usr 0 00:00:00, Sys 0 00:00:00  -  Total Local Usage
	8809  -  Run Bytes Sent By Job
	403  -  Run Bytes Received By Job
	8809  -  Total Bytes Sent By Job
	403  -  Total Bytes Received By Job
	Partitionable Resources :    Usage  Request Allocated 
	   Cpus                 :        0        1         1 
	   Disk (KB)            :       30 10000000  13930670 
	   Memory (MB)          :      373     2000      2000 

	Job terminated of its own accord at 2024-06-02T22:50:47Z with exit-code 0.
...
006 (9677851.003.000) 06/03 00:52:10 Image size of job updated: 817608
	508  -  MemoryUsage of job (MB)
	519736  -  ResidentSetSize of job (KB)
...
040 (9677851.003.000) 06/03 00:52:10 Started transferring output files
...
040 (9677851.003.000) 06/03 00:52:10 Finished transferring output files
...
005 (9677851.003.000) 06/03 00:52:10 Job terminated.
	(1) Normal termination (return value 0)
		Usr 0 00:00:11, Sys 0 00:00:03  -  Run Remote Usage
		Usr 0 00:00:00, Sys 0 00:00:00  -  Run Local Usage
		Usr 0 00:00:11, Sys 0 00:00:03  -  Total Remote Usage
		Usr 0 00:00:00, Sys 0 00:00:00  -  Total Local Usage
	12617  -  Run Bytes Sent By Job
	403  -  Run Bytes Received By Job
	12617  -  Total Bytes Sent By Job
	403  -  Total Bytes Received By Job
	Partitionable Resources :    Usage  Request Allocated 
	   Cpus                 :     0.02        1         1 
	   Disk (KB)            :    33    10000000  11694716 
	   Memory (MB)          :   508        2000      2000 

	Job terminated of its own accord at 2024-06-02T22:52:10Z with exit-code 0.
...
006 (9677851.014.000) 06/03 00:52:15 Image size of job updated: 827964
	509  -  MemoryUsage of job (MB)
	521144  -  ResidentSetSize of job (KB)
...
040 (9677851.014.000) 06/03 00:52:15 Started transferring output files
...
040 (9677851.014.000) 06/03 00:52:15 Finished transferring output files
...
005 (9677851.014.000) 06/03 00:52:15 Job terminated.
	(1) Normal termination (return value 0)
		Usr 0 00:00:10, Sys 0 00:00:03  -  Run Remote Usage
		Usr 0 00:00:00, Sys 0 00:00:00  -  Run Local Usage
		Usr 0 00:00:10, Sys 0 00:00:03  -  Total Remote Usage
		Usr 0 00:00:00, Sys 0 00:00:00  -  Total Local Usage
	10320  -  Run Bytes Sent By Job
	403  -  Run Bytes Received By Job
	10320  -  Total Bytes Sent By Job
	403  -  Total Bytes Received By Job
	Partitionable Resources :    Usage  Request Allocated 
	   Cpus                 :        0        1         1 
	   Disk (KB)            :       31 10000000  11760839 
	   Memory (MB)          :      509     2000      2000 

	Job terminated of its own accord at 2024-06-02T22:52:15Z with exit-code 0.
...
006 (9677851.015.000) 06/03 00:52:27 Image size of job updated: 828892
	530  -  MemoryUsage of job (MB)
	542616  -  ResidentSetSize of job (KB)
...
040 (9677851.015.000) 06/03 00:52:27 Started transferring output files
...
040 (9677851.015.000) 06/03 00:52:27 Finished transferring output files
...
005 (9677851.015.000) 06/03 00:52:27 Job terminated.
	(1) Normal termination (return value 0)
		Usr 0 00:00:09, Sys 0 00:00:03  -  Run Remote Usage
		Usr 0 00:00:00, Sys 0 00:00:00  -  Run Local Usage
		Usr 0 00:00:09, Sys 0 00:00:03  -  Total Remote Usage
		Usr 0 00:00:00, Sys 0 00:00:00  -  Total Local Usage
	10323  -  Run Bytes Sent By Job
	403  -  Run Bytes Received By Job
	10323  -  Total Bytes Sent By Job
	403  -  Total Bytes Received By Job
	Partitionable Resources :    Usage  Request Allocated 
	   Cpus                 :     0.05        1         1 
	   Disk (KB)            :    32    10000000  11969496 
	   Memory (MB)          :   530        2000      2000 

	Job terminated of its own accord at 2024-06-02T22:52:27Z with exit-code 0.
...
006 (9677851.013.000) 06/03 00:52:44 Image size of job updated: 828880
	506  -  MemoryUsage of job (MB)
	517388  -  ResidentSetSize of job (KB)
...
040 (9677851.013.000) 06/03 00:52:44 Started transferring output files
...
040 (9677851.013.000) 06/03 00:52:44 Finished transferring output files
...
005 (9677851.013.000) 06/03 00:52:44 Job terminated.
	(1) Normal termination (return value 0)
		Usr 0 00:00:11, Sys 0 00:00:04  -  Run Remote Usage
		Usr 0 00:00:00, Sys 0 00:00:00  -  Run Local Usage
		Usr 0 00:00:11, Sys 0 00:00:04  -  Total Remote Usage
		Usr 0 00:00:00, Sys 0 00:00:00  -  Total Local Usage
	10314  -  Run Bytes Sent By Job
	403  -  Run Bytes Received By Job
	10314  -  Total Bytes Sent By Job
	403  -  Total Bytes Received By Job
	Partitionable Resources :    Usage  Request Allocated 
	   Cpus                 :        0        1         1 
	   Disk (KB)            :       32 10000000  11459485 
	   Memory (MB)          :      506     2000      2000 

	Job terminated of its own accord at 2024-06-02T22:52:44Z with exit-code 0.
...
006 (9677851.012.000) 06/03 00:52:52 Image size of job updated: 828308
	510  -  MemoryUsage of job (MB)
	521532  -  ResidentSetSize of job (KB)
...
040 (9677851.012.000) 06/03 00:52:52 Started transferring output files
...
040 (9677851.012.000) 06/03 00:52:52 Finished transferring output files
...
005 (9677851.012.000) 06/03 00:52:52 Job terminated.
	(1) Normal termination (return value 0)
		Usr 0 00:00:11, Sys 0 00:00:04  -  Run Remote Usage
		Usr 0 00:00:00, Sys 0 00:00:00  -  Run Local Usage
		Usr 0 00:00:11, Sys 0 00:00:04  -  Total Remote Usage
		Usr 0 00:00:00, Sys 0 00:00:00  -  Total Local Usage
	12610  -  Run Bytes Sent By Job
	403  -  Run Bytes Received By Job
	12610  -  Total Bytes Sent By Job
	403  -  Total Bytes Received By Job
	Partitionable Resources :    Usage  Request Allocated 
	   Cpus                 :     0.04        1         1 
	   Disk (KB)            :    34    10000000  11683416 
	   Memory (MB)          :   510        2000      2000 

	Job terminated of its own accord at 2024-06-02T22:52:52Z with exit-code 0.
...
006 (9677851.005.000) 06/03 00:52:54 Image size of job updated: 833472
	511  -  MemoryUsage of job (MB)
	523220  -  ResidentSetSize of job (KB)
...
040 (9677851.005.000) 06/03 00:52:54 Started transferring output files
...
040 (9677851.005.000) 06/03 00:52:54 Finished transferring output files
...
005 (9677851.005.000) 06/03 00:52:54 Job terminated.
	(1) Normal termination (return value 0)
		Usr 0 00:00:10, Sys 0 00:00:04  -  Run Remote Usage
		Usr 0 00:00:00, Sys 0 00:00:00  -  Run Local Usage
		Usr 0 00:00:10, Sys 0 00:00:04  -  Total Remote Usage
		Usr 0 00:00:00, Sys 0 00:00:00  -  Total Local Usage
	10314  -  Run Bytes Sent By Job
	403  -  Run Bytes Received By Job
	10314  -  Total Bytes Sent By Job
	403  -  Total Bytes Received By Job
	Partitionable Resources :    Usage  Request Allocated 
	   Cpus                 :        0        1         1 
	   Disk (KB)            :       31 10000000  11848435 
	   Memory (MB)          :      511     2000      2000 

	Job terminated of its own accord at 2024-06-02T22:52:54Z with exit-code 0.
...
006 (9677851.007.000) 06/03 00:53:00 Image size of job updated: 824836
	512  -  MemoryUsage of job (MB)
	523296  -  ResidentSetSize of job (KB)
...
040 (9677851.007.000) 06/03 00:53:01 Started transferring output files
...
040 (9677851.007.000) 06/03 00:53:01 Finished transferring output files
...
005 (9677851.007.000) 06/03 00:53:01 Job terminated.
	(1) Normal termination (return value 0)
		Usr 0 00:00:10, Sys 0 00:00:04  -  Run Remote Usage
		Usr 0 00:00:00, Sys 0 00:00:00  -  Run Local Usage
		Usr 0 00:00:10, Sys 0 00:00:04  -  Total Remote Usage
		Usr 0 00:00:00, Sys 0 00:00:00  -  Total Local Usage
	10311  -  Run Bytes Sent By Job
	403  -  Run Bytes Received By Job
	10311  -  Total Bytes Sent By Job
	403  -  Total Bytes Received By Job
	Partitionable Resources :    Usage  Request Allocated 
	   Cpus                 :        0        1         1 
	   Disk (KB)            :       31 10000000  11892758 
	   Memory (MB)          :      512     2000      2000 

	Job terminated of its own accord at 2024-06-02T22:53:00Z with exit-code 0.
...
006 (9677851.009.000) 06/03 00:53:02 Image size of job updated: 816308
	382  -  MemoryUsage of job (MB)
	390432  -  ResidentSetSize of job (KB)
...
040 (9677851.009.000) 06/03 00:53:02 Started transferring output files
...
040 (9677851.009.000) 06/03 00:53:02 Finished transferring output files
...
005 (9677851.009.000) 06/03 00:53:02 Job terminated.
	(1) Normal termination (return value 0)
		Usr 0 00:00:12, Sys 0 00:00:04  -  Run Remote Usage
		Usr 0 00:00:00, Sys 0 00:00:00  -  Run Local Usage
		Usr 0 00:00:12, Sys 0 00:00:04  -  Total Remote Usage
		Usr 0 00:00:00, Sys 0 00:00:00  -  Total Local Usage
	10317  -  Run Bytes Sent By Job
	403  -  Run Bytes Received By Job
	10317  -  Total Bytes Sent By Job
	403  -  Total Bytes Received By Job
	Partitionable Resources :    Usage  Request Allocated 
	   Cpus                 :        0        1         1 
	   Disk (KB)            :       31 10000000  11811499 
	   Memory (MB)          :      382     2000      2000 

	Job terminated of its own accord at 2024-06-02T22:53:02Z with exit-code 0.
...
006 (9677851.011.000) 06/03 00:53:04 Image size of job updated: 829748
	494  -  MemoryUsage of job (MB)
	505104  -  ResidentSetSize of job (KB)
...
040 (9677851.011.000) 06/03 00:53:04 Started transferring output files
...
040 (9677851.011.000) 06/03 00:53:04 Finished transferring output files
...
005 (9677851.011.000) 06/03 00:53:04 Job terminated.
	(1) Normal termination (return value 0)
		Usr 0 00:00:12, Sys 0 00:00:04  -  Run Remote Usage
		Usr 0 00:00:00, Sys 0 00:00:00  -  Run Local Usage
		Usr 0 00:00:12, Sys 0 00:00:04  -  Total Remote Usage
		Usr 0 00:00:00, Sys 0 00:00:00  -  Total Local Usage
	10312  -  Run Bytes Sent By Job
	403  -  Run Bytes Received By Job
	10312  -  Total Bytes Sent By Job
	403  -  Total Bytes Received By Job
	Partitionable Resources :    Usage  Request Allocated 
	   Cpus                 :     0.03        1         1 
	   Disk (KB)            :    31    10000000  11536124 
	   Memory (MB)          :   494        2000      2000 

	Job terminated of its own accord at 2024-06-02T22:53:04Z with exit-code 0.
...
006 (9677851.004.000) 06/03 00:53:05 Image size of job updated: 819180
	494  -  MemoryUsage of job (MB)
	505372  -  ResidentSetSize of job (KB)
...
040 (9677851.004.000) 06/03 00:53:05 Started transferring output files
...
040 (9677851.004.000) 06/03 00:53:05 Finished transferring output files
...
005 (9677851.004.000) 06/03 00:53:05 Job terminated.
	(1) Normal termination (return value 0)
		Usr 0 00:00:12, Sys 0 00:00:05  -  Run Remote Usage
		Usr 0 00:00:00, Sys 0 00:00:00  -  Run Local Usage
		Usr 0 00:00:12, Sys 0 00:00:05  -  Total Remote Usage
		Usr 0 00:00:00, Sys 0 00:00:00  -  Total Local Usage
	10311  -  Run Bytes Sent By Job
	403  -  Run Bytes Received By Job
	10311  -  Total Bytes Sent By Job
	403  -  Total Bytes Received By Job
	Partitionable Resources :    Usage  Request Allocated 
	   Cpus                 :        0        1         1 
	   Disk (KB)            :       31 10000000  11941142 
	   Memory (MB)          :      494     2000      2000 

	Job terminated of its own accord at 2024-06-02T22:53:05Z with exit-code 0.
...
006 (9677851.016.000) 06/03 00:53:15 Image size of job updated: 848316
	510  -  MemoryUsage of job (MB)
	521520  -  ResidentSetSize of job (KB)
...
040 (9677851.016.000) 06/03 00:53:15 Started transferring output files
...
040 (9677851.016.000) 06/03 00:53:15 Finished transferring output files
...
005 (9677851.016.000) 06/03 00:53:15 Job terminated.
	(1) Normal termination (return value 0)
		Usr 0 00:00:13, Sys 0 00:00:04  -  Run Remote Usage
		Usr 0 00:00:00, Sys 0 00:00:00  -  Run Local Usage
		Usr 0 00:00:13, Sys 0 00:00:04  -  Total Remote Usage
		Usr 0 00:00:00, Sys 0 00:00:00  -  Total Local Usage
	12619  -  Run Bytes Sent By Job
	403  -  Run Bytes Received By Job
	12619  -  Total Bytes Sent By Job
	403  -  Total Bytes Received By Job
	Partitionable Resources :    Usage  Request Allocated 
	   Cpus                 :        0        1         1 
	   Disk (KB)            :       34 10000000  11564742 
	   Memory (MB)          :      510     2000      2000 

	Job terminated of its own accord at 2024-06-02T22:53:15Z with exit-code 0.
...
006 (9677851.008.000) 06/03 00:53:15 Image size of job updated: 829164
	511  -  MemoryUsage of job (MB)
	523204  -  ResidentSetSize of job (KB)
...
040 (9677851.008.000) 06/03 00:53:15 Started transferring output files
...
040 (9677851.008.000) 06/03 00:53:15 Finished transferring output files
...
005 (9677851.008.000) 06/03 00:53:15 Job terminated.
	(1) Normal termination (return value 0)
		Usr 0 00:00:10, Sys 0 00:00:04  -  Run Remote Usage
		Usr 0 00:00:00, Sys 0 00:00:00  -  Run Local Usage
		Usr 0 00:00:10, Sys 0 00:00:04  -  Total Remote Usage
		Usr 0 00:00:00, Sys 0 00:00:00  -  Total Local Usage
	10315  -  Run Bytes Sent By Job
	403  -  Run Bytes Received By Job
	10315  -  Total Bytes Sent By Job
	403  -  Total Bytes Received By Job
	Partitionable Resources :    Usage  Request Allocated 
	   Cpus                 :     0.35        1         1 
	   Disk (KB)            :    31    10000000  12052007 
	   Memory (MB)          :   511        2000      2000 

	Job terminated of its own accord at 2024-06-02T22:53:15Z with exit-code 0.
...
006 (9677851.006.000) 06/03 00:53:16 Image size of job updated: 826820
	109  -  MemoryUsage of job (MB)
	110984  -  ResidentSetSize of job (KB)
...
040 (9677851.006.000) 06/03 00:53:16 Started transferring output files
...
040 (9677851.006.000) 06/03 00:53:16 Finished transferring output files
...
005 (9677851.006.000) 06/03 00:53:16 Job terminated.
	(1) Normal termination (return value 0)
		Usr 0 00:00:15, Sys 0 00:00:06  -  Run Remote Usage
		Usr 0 00:00:00, Sys 0 00:00:00  -  Run Local Usage
		Usr 0 00:00:15, Sys 0 00:00:06  -  Total Remote Usage
		Usr 0 00:00:00, Sys 0 00:00:00  -  Total Local Usage
	12614  -  Run Bytes Sent By Job
	403  -  Run Bytes Received By Job
	12614  -  Total Bytes Sent By Job
	403  -  Total Bytes Received By Job
	Partitionable Resources :    Usage  Request Allocated 
	   Cpus                 :     0.04        1         1 
	   Disk (KB)            :    34    10000000  11778144 
	   Memory (MB)          :   109        2000      2000 

	Job terminated of its own accord at 2024-06-02T22:53:16Z with exit-code 0.
...
006 (9677851.010.000) 06/03 00:53:29 Image size of job updated: 820384
	512  -  MemoryUsage of job (MB)
	523364  -  ResidentSetSize of job (KB)
...
040 (9677851.010.000) 06/03 00:53:29 Started transferring output files
...
040 (9677851.010.000) 06/03 00:53:29 Finished transferring output files
...
005 (9677851.010.000) 06/03 00:53:30 Job terminated.
	(1) Normal termination (return value 0)
		Usr 0 00:00:13, Sys 0 00:00:04  -  Run Remote Usage
		Usr 0 00:00:00, Sys 0 00:00:00  -  Run Local Usage
		Usr 0 00:00:13, Sys 0 00:00:04  -  Total Remote Usage
		Usr 0 00:00:00, Sys 0 00:00:00  -  Total Local Usage
	10317  -  Run Bytes Sent By Job
	403  -  Run Bytes Received By Job
	10317  -  Total Bytes Sent By Job
	403  -  Total Bytes Received By Job
	Partitionable Resources :    Usage  Request Allocated 
	   Cpus                 :     0.06        1         1 
	   Disk (KB)            :    31    10000000  11681903 
	   Memory (MB)          :   512        2000      2000 

	Job terminated of its own accord at 2024-06-02T22:53:29Z with exit-code 0.
...
